{"D:\\Projects\\GitHub\\Node\\nodejs-homework-rest-api\\app.js": {"path":"D:\\Projects\\GitHub\\Node\\nodejs-homework-rest-api\\app.js","statementMap":{"0":{"start":{"line":1,"column":16},"end":{"line":1,"column":34}},"1":{"start":{"line":2,"column":15},"end":{"line":2,"column":32}},"2":{"start":{"line":3,"column":13},"end":{"line":3,"column":28}},"3":{"start":{"line":4,"column":19},"end":{"line":4,"column":51}},"4":{"start":{"line":5,"column":15},"end":{"line":5,"column":32}},"5":{"start":{"line":6,"column":0},"end":{"line":6,"column":27}},"6":{"start":{"line":7,"column":23},"end":{"line":7,"column":49}},"7":{"start":{"line":9,"column":23},"end":{"line":9,"column":67}},"8":{"start":{"line":10,"column":20},"end":{"line":10,"column":58}},"9":{"start":{"line":12,"column":12},"end":{"line":12,"column":21}},"10":{"start":{"line":14,"column":22},"end":{"line":14,"column":72}},"11":{"start":{"line":16,"column":0},"end":{"line":16,"column":40}},"12":{"start":{"line":17,"column":0},"end":{"line":17,"column":18}},"13":{"start":{"line":18,"column":0},"end":{"line":18,"column":60}},"14":{"start":{"line":19,"column":0},"end":{"line":19,"column":16}},"15":{"start":{"line":20,"column":0},"end":{"line":20,"column":40}},"16":{"start":{"line":21,"column":0},"end":{"line":21,"column":22}},"17":{"start":{"line":23,"column":0},"end":{"line":23,"column":35}},"18":{"start":{"line":24,"column":0},"end":{"line":24,"column":41}},"19":{"start":{"line":26,"column":0},"end":{"line":28,"column":3}},"20":{"start":{"line":27,"column":2},"end":{"line":27,"column":77}},"21":{"start":{"line":30,"column":0},"end":{"line":37,"column":3}},"22":{"start":{"line":31,"column":21},"end":{"line":31,"column":38}},"23":{"start":{"line":32,"column":2},"end":{"line":36,"column":5}},"24":{"start":{"line":39,"column":0},"end":{"line":39,"column":21}}},"fnMap":{"0":{"name":"(anonymous_0)","decl":{"start":{"line":26,"column":8},"end":{"line":26,"column":9}},"loc":{"start":{"line":26,"column":23},"end":{"line":28,"column":1}},"line":26},"1":{"name":"(anonymous_1)","decl":{"start":{"line":30,"column":8},"end":{"line":30,"column":9}},"loc":{"start":{"line":30,"column":33},"end":{"line":37,"column":1}},"line":30}},"branchMap":{"0":{"loc":{"start":{"line":14,"column":22},"end":{"line":14,"column":72}},"type":"cond-expr","locations":[{"start":{"line":14,"column":57},"end":{"line":14,"column":62}},{"start":{"line":14,"column":65},"end":{"line":14,"column":72}}],"line":14},"1":{"loc":{"start":{"line":18,"column":0},"end":{"line":18,"column":59}},"type":"binary-expr","locations":[{"start":{"line":18,"column":0},"end":{"line":18,"column":25}},{"start":{"line":18,"column":29},"end":{"line":18,"column":59}}],"line":18},"2":{"loc":{"start":{"line":31,"column":21},"end":{"line":31,"column":38}},"type":"binary-expr","locations":[{"start":{"line":31,"column":21},"end":{"line":31,"column":31}},{"start":{"line":31,"column":35},"end":{"line":31,"column":38}}],"line":31},"3":{"loc":{"start":{"line":33,"column":12},"end":{"line":33,"column":49}},"type":"cond-expr","locations":[{"start":{"line":33,"column":33},"end":{"line":33,"column":39}},{"start":{"line":33,"column":42},"end":{"line":33,"column":49}}],"line":33}},"s":{"0":2,"1":2,"2":2,"3":2,"4":2,"5":2,"6":2,"7":2,"8":2,"9":2,"10":2,"11":2,"12":2,"13":2,"14":2,"15":2,"16":2,"17":2,"18":2,"19":2,"20":0,"21":2,"22":1,"23":1,"24":2},"f":{"0":0,"1":1},"b":{"0":[0,2],"1":[2,0],"2":[1,1],"3":[1,0]},"_coverageSchema":"1a1c01bbd47fc00a2c39e90264f33305004495a9","hash":"14b04d2c76b6a6dfcf77b37ccb928b6610e43456"}
,"D:\\Projects\\GitHub\\Node\\nodejs-homework-rest-api\\config\\constants.js": {"path":"D:\\Projects\\GitHub\\Node\\nodejs-homework-rest-api\\config\\constants.js","statementMap":{"0":{"start":{"line":1,"column":25},"end":{"line":4,"column":1}},"1":{"start":{"line":6,"column":17},"end":{"line":18,"column":1}},"2":{"start":{"line":20,"column":0},"end":{"line":20,"column":48}}},"fnMap":{},"branchMap":{},"s":{"0":5,"1":5,"2":5},"f":{},"b":{},"_coverageSchema":"1a1c01bbd47fc00a2c39e90264f33305004495a9","hash":"582162d5436e4633e2e8ab3501ea475275971b9e"}
,"D:\\Projects\\GitHub\\Node\\nodejs-homework-rest-api\\config\\db.js": {"path":"D:\\Projects\\GitHub\\Node\\nodejs-homework-rest-api\\config\\db.js","statementMap":{"0":{"start":{"line":1,"column":17},"end":{"line":1,"column":36}},"1":{"start":{"line":2,"column":0},"end":{"line":2,"column":27}},"2":{"start":{"line":6,"column":0},"end":{"line":10,"column":1}},"3":{"start":{"line":7,"column":2},"end":{"line":7,"column":33}},"4":{"start":{"line":9,"column":2},"end":{"line":9,"column":28}},"5":{"start":{"line":12,"column":11},"end":{"line":15,"column":2}},"6":{"start":{"line":17,"column":0},"end":{"line":25,"column":1}},"7":{"start":{"line":18,"column":2},"end":{"line":20,"column":5}},"8":{"start":{"line":19,"column":4},"end":{"line":19,"column":50}},"9":{"start":{"line":22,"column":2},"end":{"line":24,"column":5}},"10":{"start":{"line":23,"column":4},"end":{"line":23,"column":68}},"11":{"start":{"line":29,"column":0},"end":{"line":33,"column":3}},"12":{"start":{"line":30,"column":2},"end":{"line":30,"column":36}},"13":{"start":{"line":31,"column":2},"end":{"line":31,"column":44}},"14":{"start":{"line":32,"column":2},"end":{"line":32,"column":17}},"15":{"start":{"line":35,"column":0},"end":{"line":35,"column":20}}},"fnMap":{"0":{"name":"(anonymous_0)","decl":{"start":{"line":18,"column":38},"end":{"line":18,"column":39}},"loc":{"start":{"line":18,"column":44},"end":{"line":20,"column":3}},"line":18},"1":{"name":"(anonymous_1)","decl":{"start":{"line":22,"column":34},"end":{"line":22,"column":35}},"loc":{"start":{"line":22,"column":43},"end":{"line":24,"column":3}},"line":22},"2":{"name":"(anonymous_2)","decl":{"start":{"line":29,"column":21},"end":{"line":29,"column":22}},"loc":{"start":{"line":29,"column":33},"end":{"line":33,"column":1}},"line":29}},"branchMap":{"0":{"loc":{"start":{"line":6,"column":0},"end":{"line":10,"column":1}},"type":"if","locations":[{"start":{"line":6,"column":0},"end":{"line":10,"column":1}},{"start":{"line":8,"column":7},"end":{"line":10,"column":1}}],"line":6},"1":{"loc":{"start":{"line":17,"column":0},"end":{"line":25,"column":1}},"type":"if","locations":[{"start":{"line":17,"column":0},"end":{"line":25,"column":1}},{"start":{},"end":{}}],"line":17}},"s":{"0":2,"1":2,"2":2,"3":2,"4":0,"5":2,"6":2,"7":2,"8":2,"9":2,"10":0,"11":2,"12":0,"13":0,"14":0,"15":2},"f":{"0":2,"1":0,"2":0},"b":{"0":[2,0],"1":[2,0]},"_coverageSchema":"1a1c01bbd47fc00a2c39e90264f33305004495a9","hash":"ccc6eca6591b5ea851cf5e82cee6bfb6d1b6de6f"}
,"D:\\Projects\\GitHub\\Node\\nodejs-homework-rest-api\\config\\passport.js": {"path":"D:\\Projects\\GitHub\\Node\\nodejs-homework-rest-api\\config\\passport.js","statementMap":{"0":{"start":{"line":1,"column":17},"end":{"line":1,"column":36}},"1":{"start":{"line":2,"column":33},"end":{"line":2,"column":56}},"2":{"start":{"line":3,"column":0},"end":{"line":3,"column":27}},"3":{"start":{"line":4,"column":20},"end":{"line":4,"column":46}},"4":{"start":{"line":5,"column":14},"end":{"line":5,"column":44}},"5":{"start":{"line":7,"column":15},"end":{"line":10,"column":1}},"6":{"start":{"line":12,"column":0},"end":{"line":29,"column":2}},"7":{"start":{"line":14,"column":4},"end":{"line":27,"column":5}},"8":{"start":{"line":15,"column":19},"end":{"line":15,"column":51}},"9":{"start":{"line":17,"column":6},"end":{"line":19,"column":7}},"10":{"start":{"line":18,"column":8},"end":{"line":18,"column":57}},"11":{"start":{"line":20,"column":6},"end":{"line":22,"column":7}},"12":{"start":{"line":21,"column":8},"end":{"line":21,"column":33}},"13":{"start":{"line":24,"column":6},"end":{"line":24,"column":30}},"14":{"start":{"line":26,"column":6},"end":{"line":26,"column":30}}},"fnMap":{"0":{"name":"(anonymous_0)","decl":{"start":{"line":13,"column":23},"end":{"line":13,"column":24}},"loc":{"start":{"line":13,"column":48},"end":{"line":28,"column":3}},"line":13}},"branchMap":{"0":{"loc":{"start":{"line":17,"column":6},"end":{"line":19,"column":7}},"type":"if","locations":[{"start":{"line":17,"column":6},"end":{"line":19,"column":7}},{"start":{},"end":{}}],"line":17},"1":{"loc":{"start":{"line":20,"column":6},"end":{"line":22,"column":7}},"type":"if","locations":[{"start":{"line":20,"column":6},"end":{"line":22,"column":7}},{"start":{},"end":{}}],"line":20}},"s":{"0":3,"1":3,"2":3,"3":3,"4":3,"5":3,"6":3,"7":7,"8":7,"9":7,"10":0,"11":7,"12":0,"13":7,"14":0},"f":{"0":7},"b":{"0":[0,7],"1":[0,7]},"_coverageSchema":"1a1c01bbd47fc00a2c39e90264f33305004495a9","hash":"f800e8fb4890de335061c1c09929c81aa3e1cbc3"}
,"D:\\Projects\\GitHub\\Node\\nodejs-homework-rest-api\\controllers\\contacts_controller.js": {"path":"D:\\Projects\\GitHub\\Node\\nodejs-homework-rest-api\\controllers\\contacts_controller.js","statementMap":{"0":{"start":{"line":1,"column":17},"end":{"line":1,"column":50}},"1":{"start":{"line":2,"column":21},"end":{"line":2,"column":51}},"2":{"start":{"line":3,"column":24},"end":{"line":3,"column":58}},"3":{"start":{"line":5,"column":20},"end":{"line":15,"column":1}},"4":{"start":{"line":6,"column":15},"end":{"line":6,"column":67}},"5":{"start":{"line":8,"column":2},"end":{"line":14,"column":5}},"6":{"start":{"line":17,"column":16},"end":{"line":39,"column":1}},"7":{"start":{"line":18,"column":17},"end":{"line":18,"column":29}},"8":{"start":{"line":19,"column":24},"end":{"line":19,"column":34}},"9":{"start":{"line":21,"column":18},"end":{"line":21,"column":66}},"10":{"start":{"line":23,"column":2},"end":{"line":31,"column":3}},"11":{"start":{"line":24,"column":4},"end":{"line":30,"column":7}},"12":{"start":{"line":33,"column":2},"end":{"line":33,"column":58}},"13":{"start":{"line":41,"column":15},"end":{"line":53,"column":1}},"14":{"start":{"line":42,"column":17},"end":{"line":42,"column":29}},"15":{"start":{"line":43,"column":15},"end":{"line":43,"column":23}},"16":{"start":{"line":44,"column":17},"end":{"line":44,"column":70}},"17":{"start":{"line":46,"column":2},"end":{"line":52,"column":5}},"18":{"start":{"line":55,"column":15},"end":{"line":77,"column":1}},"19":{"start":{"line":56,"column":17},"end":{"line":56,"column":29}},"20":{"start":{"line":57,"column":24},"end":{"line":57,"column":34}},"21":{"start":{"line":58,"column":17},"end":{"line":58,"column":64}},"22":{"start":{"line":60,"column":2},"end":{"line":69,"column":3}},"23":{"start":{"line":61,"column":4},"end":{"line":68,"column":7}},"24":{"start":{"line":71,"column":2},"end":{"line":71,"column":58}},"25":{"start":{"line":79,"column":15},"end":{"line":102,"column":1}},"26":{"start":{"line":80,"column":17},"end":{"line":80,"column":29}},"27":{"start":{"line":81,"column":15},"end":{"line":81,"column":23}},"28":{"start":{"line":82,"column":24},"end":{"line":82,"column":34}},"29":{"start":{"line":84,"column":18},"end":{"line":84,"column":71}},"30":{"start":{"line":86,"column":2},"end":{"line":94,"column":3}},"31":{"start":{"line":87,"column":4},"end":{"line":93,"column":7}},"32":{"start":{"line":96,"column":2},"end":{"line":96,"column":58}},"33":{"start":{"line":104,"column":21},"end":{"line":127,"column":1}},"34":{"start":{"line":105,"column":17},"end":{"line":105,"column":29}},"35":{"start":{"line":106,"column":15},"end":{"line":106,"column":23}},"36":{"start":{"line":107,"column":24},"end":{"line":107,"column":34}},"37":{"start":{"line":109,"column":17},"end":{"line":109,"column":76}},"38":{"start":{"line":111,"column":2},"end":{"line":119,"column":3}},"39":{"start":{"line":112,"column":4},"end":{"line":118,"column":7}},"40":{"start":{"line":121,"column":2},"end":{"line":121,"column":58}},"41":{"start":{"line":129,"column":0},"end":{"line":136,"column":2}}},"fnMap":{"0":{"name":"(anonymous_0)","decl":{"start":{"line":5,"column":20},"end":{"line":5,"column":21}},"loc":{"start":{"line":5,"column":40},"end":{"line":15,"column":1}},"line":5},"1":{"name":"(anonymous_1)","decl":{"start":{"line":17,"column":16},"end":{"line":17,"column":17}},"loc":{"start":{"line":17,"column":36},"end":{"line":39,"column":1}},"line":17},"2":{"name":"(anonymous_2)","decl":{"start":{"line":41,"column":15},"end":{"line":41,"column":16}},"loc":{"start":{"line":41,"column":35},"end":{"line":53,"column":1}},"line":41},"3":{"name":"(anonymous_3)","decl":{"start":{"line":55,"column":15},"end":{"line":55,"column":16}},"loc":{"start":{"line":55,"column":35},"end":{"line":77,"column":1}},"line":55},"4":{"name":"(anonymous_4)","decl":{"start":{"line":79,"column":15},"end":{"line":79,"column":16}},"loc":{"start":{"line":79,"column":35},"end":{"line":102,"column":1}},"line":79},"5":{"name":"(anonymous_5)","decl":{"start":{"line":104,"column":21},"end":{"line":104,"column":22}},"loc":{"start":{"line":104,"column":41},"end":{"line":127,"column":1}},"line":104}},"branchMap":{"0":{"loc":{"start":{"line":23,"column":2},"end":{"line":31,"column":3}},"type":"if","locations":[{"start":{"line":23,"column":2},"end":{"line":31,"column":3}},{"start":{},"end":{}}],"line":23},"1":{"loc":{"start":{"line":60,"column":2},"end":{"line":69,"column":3}},"type":"if","locations":[{"start":{"line":60,"column":2},"end":{"line":69,"column":3}},{"start":{},"end":{}}],"line":60},"2":{"loc":{"start":{"line":86,"column":2},"end":{"line":94,"column":3}},"type":"if","locations":[{"start":{"line":86,"column":2},"end":{"line":94,"column":3}},{"start":{},"end":{}}],"line":86},"3":{"loc":{"start":{"line":111,"column":2},"end":{"line":119,"column":3}},"type":"if","locations":[{"start":{"line":111,"column":2},"end":{"line":119,"column":3}},{"start":{},"end":{}}],"line":111}},"s":{"0":3,"1":3,"2":3,"3":3,"4":1,"5":1,"6":3,"7":2,"8":2,"9":2,"10":2,"11":1,"12":1,"13":3,"14":1,"15":1,"16":1,"17":1,"18":3,"19":1,"20":1,"21":1,"22":1,"23":1,"24":0,"25":3,"26":4,"27":4,"28":4,"29":4,"30":4,"31":2,"32":2,"33":3,"34":0,"35":0,"36":0,"37":0,"38":0,"39":0,"40":0,"41":3},"f":{"0":1,"1":2,"2":1,"3":1,"4":4,"5":0},"b":{"0":[1,1],"1":[1,0],"2":[2,2],"3":[0,0]},"_coverageSchema":"1a1c01bbd47fc00a2c39e90264f33305004495a9","hash":"cd2d24fc5ca3cf7004ff0f941080f00ab81a11d7"}
,"D:\\Projects\\GitHub\\Node\\nodejs-homework-rest-api\\controllers\\users_controller.js": {"path":"D:\\Projects\\GitHub\\Node\\nodejs-homework-rest-api\\controllers\\users_controller.js","statementMap":{"0":{"start":{"line":1,"column":12},"end":{"line":1,"column":35}},"1":{"start":{"line":6,"column":11},"end":{"line":6,"column":33}},"2":{"start":{"line":14,"column":4},"end":{"line":14,"column":34}},"3":{"start":{"line":18,"column":27},"end":{"line":18,"column":62}},"4":{"start":{"line":19,"column":21},"end":{"line":19,"column":51}},"5":{"start":{"line":20,"column":0},"end":{"line":20,"column":27}},"6":{"start":{"line":21,"column":20},"end":{"line":21,"column":46}},"7":{"start":{"line":23,"column":15},"end":{"line":51,"column":1}},"8":{"start":{"line":24,"column":30},"end":{"line":24,"column":38}},"9":{"start":{"line":25,"column":15},"end":{"line":25,"column":39}},"10":{"start":{"line":27,"column":2},"end":{"line":33,"column":3}},"11":{"start":{"line":28,"column":4},"end":{"line":32,"column":7}},"12":{"start":{"line":35,"column":2},"end":{"line":50,"column":3}},"13":{"start":{"line":36,"column":20},"end":{"line":36,"column":53}},"14":{"start":{"line":38,"column":4},"end":{"line":47,"column":7}},"15":{"start":{"line":49,"column":4},"end":{"line":49,"column":12}},"16":{"start":{"line":53,"column":14},"end":{"line":81,"column":1}},"17":{"start":{"line":54,"column":30},"end":{"line":54,"column":38}},"18":{"start":{"line":55,"column":15},"end":{"line":55,"column":39}},"19":{"start":{"line":56,"column":26},"end":{"line":56,"column":63}},"20":{"start":{"line":58,"column":2},"end":{"line":64,"column":3}},"21":{"start":{"line":59,"column":4},"end":{"line":63,"column":7}},"22":{"start":{"line":66,"column":13},"end":{"line":66,"column":21}},"23":{"start":{"line":67,"column":18},"end":{"line":67,"column":24}},"24":{"start":{"line":68,"column":16},"end":{"line":68,"column":67}},"25":{"start":{"line":70,"column":2},"end":{"line":70,"column":31}},"26":{"start":{"line":72,"column":2},"end":{"line":80,"column":5}},"27":{"start":{"line":83,"column":15},"end":{"line":97,"column":1}},"28":{"start":{"line":84,"column":13},"end":{"line":84,"column":25}},"29":{"start":{"line":85,"column":15},"end":{"line":85,"column":33}},"30":{"start":{"line":87,"column":2},"end":{"line":93,"column":3}},"31":{"start":{"line":88,"column":4},"end":{"line":92,"column":7}},"32":{"start":{"line":95,"column":2},"end":{"line":95,"column":30}},"33":{"start":{"line":96,"column":2},"end":{"line":96,"column":50}},"34":{"start":{"line":99,"column":16},"end":{"line":119,"column":1}},"35":{"start":{"line":100,"column":13},"end":{"line":100,"column":25}},"36":{"start":{"line":101,"column":15},"end":{"line":101,"column":33}},"37":{"start":{"line":103,"column":2},"end":{"line":109,"column":3}},"38":{"start":{"line":104,"column":4},"end":{"line":108,"column":7}},"39":{"start":{"line":111,"column":2},"end":{"line":118,"column":5}},"40":{"start":{"line":121,"column":27},"end":{"line":143,"column":1}},"41":{"start":{"line":122,"column":13},"end":{"line":122,"column":25}},"42":{"start":{"line":123,"column":15},"end":{"line":123,"column":23}},"43":{"start":{"line":124,"column":15},"end":{"line":124,"column":33}},"44":{"start":{"line":125,"column":17},"end":{"line":125,"column":55}},"45":{"start":{"line":127,"column":2},"end":{"line":133,"column":3}},"46":{"start":{"line":128,"column":4},"end":{"line":132,"column":7}},"47":{"start":{"line":135,"column":2},"end":{"line":142,"column":5}},"48":{"start":{"line":176,"column":21},"end":{"line":209,"column":1}},"49":{"start":{"line":177,"column":30},"end":{"line":177,"column":38}},"50":{"start":{"line":178,"column":15},"end":{"line":178,"column":23}},"51":{"start":{"line":180,"column":22},"end":{"line":180,"column":31}},"52":{"start":{"line":181,"column":24},"end":{"line":181,"column":59}},"53":{"start":{"line":182,"column":44},"end":{"line":185,"column":3}},"54":{"start":{"line":186,"column":2},"end":{"line":186,"column":56}},"55":{"start":{"line":188,"column":2},"end":{"line":192,"column":3}},"56":{"start":{"line":189,"column":4},"end":{"line":189,"column":31}},"57":{"start":{"line":191,"column":4},"end":{"line":191,"column":29}},"58":{"start":{"line":194,"column":2},"end":{"line":200,"column":3}},"59":{"start":{"line":195,"column":4},"end":{"line":199,"column":7}},"60":{"start":{"line":202,"column":2},"end":{"line":208,"column":5}},"61":{"start":{"line":211,"column":0},"end":{"line":218,"column":2}}},"fnMap":{"0":{"name":"(anonymous_0)","decl":{"start":{"line":23,"column":15},"end":{"line":23,"column":16}},"loc":{"start":{"line":23,"column":41},"end":{"line":51,"column":1}},"line":23},"1":{"name":"(anonymous_1)","decl":{"start":{"line":53,"column":14},"end":{"line":53,"column":15}},"loc":{"start":{"line":53,"column":40},"end":{"line":81,"column":1}},"line":53},"2":{"name":"(anonymous_2)","decl":{"start":{"line":83,"column":15},"end":{"line":83,"column":16}},"loc":{"start":{"line":83,"column":41},"end":{"line":97,"column":1}},"line":83},"3":{"name":"(anonymous_3)","decl":{"start":{"line":99,"column":16},"end":{"line":99,"column":17}},"loc":{"start":{"line":99,"column":42},"end":{"line":119,"column":1}},"line":99},"4":{"name":"(anonymous_4)","decl":{"start":{"line":121,"column":27},"end":{"line":121,"column":28}},"loc":{"start":{"line":121,"column":53},"end":{"line":143,"column":1}},"line":121},"5":{"name":"(anonymous_5)","decl":{"start":{"line":176,"column":21},"end":{"line":176,"column":22}},"loc":{"start":{"line":176,"column":47},"end":{"line":209,"column":1}},"line":176}},"branchMap":{"0":{"loc":{"start":{"line":27,"column":2},"end":{"line":33,"column":3}},"type":"if","locations":[{"start":{"line":27,"column":2},"end":{"line":33,"column":3}},{"start":{},"end":{}}],"line":27},"1":{"loc":{"start":{"line":58,"column":2},"end":{"line":64,"column":3}},"type":"if","locations":[{"start":{"line":58,"column":2},"end":{"line":64,"column":3}},{"start":{},"end":{}}],"line":58},"2":{"loc":{"start":{"line":58,"column":6},"end":{"line":58,"column":31}},"type":"binary-expr","locations":[{"start":{"line":58,"column":6},"end":{"line":58,"column":11}},{"start":{"line":58,"column":15},"end":{"line":58,"column":31}}],"line":58},"3":{"loc":{"start":{"line":87,"column":2},"end":{"line":93,"column":3}},"type":"if","locations":[{"start":{"line":87,"column":2},"end":{"line":93,"column":3}},{"start":{},"end":{}}],"line":87},"4":{"loc":{"start":{"line":103,"column":2},"end":{"line":109,"column":3}},"type":"if","locations":[{"start":{"line":103,"column":2},"end":{"line":109,"column":3}},{"start":{},"end":{}}],"line":103},"5":{"loc":{"start":{"line":127,"column":2},"end":{"line":133,"column":3}},"type":"if","locations":[{"start":{"line":127,"column":2},"end":{"line":133,"column":3}},{"start":{},"end":{}}],"line":127},"6":{"loc":{"start":{"line":194,"column":2},"end":{"line":200,"column":3}},"type":"if","locations":[{"start":{"line":194,"column":2},"end":{"line":200,"column":3}},{"start":{},"end":{}}],"line":194}},"s":{"0":2,"1":2,"2":2,"3":2,"4":2,"5":2,"6":2,"7":2,"8":2,"9":2,"10":2,"11":1,"12":2,"13":2,"14":1,"15":1,"16":2,"17":1,"18":1,"19":1,"20":1,"21":0,"22":1,"23":1,"24":1,"25":1,"26":1,"27":2,"28":0,"29":0,"30":0,"31":0,"32":0,"33":0,"34":2,"35":0,"36":0,"37":0,"38":0,"39":0,"40":2,"41":0,"42":0,"43":0,"44":0,"45":0,"46":0,"47":0,"48":2,"49":1,"50":1,"51":1,"52":1,"53":1,"54":1,"55":1,"56":1,"57":0,"58":1,"59":0,"60":1,"61":2},"f":{"0":2,"1":1,"2":0,"3":0,"4":0,"5":1},"b":{"0":[1,1],"1":[0,1],"2":[1,1],"3":[0,0],"4":[0,0],"5":[0,0],"6":[0,1]},"_coverageSchema":"1a1c01bbd47fc00a2c39e90264f33305004495a9","hash":"8301424ca6dc3be71bc093efd8aefac2d706b63a"}
,"D:\\Projects\\GitHub\\Node\\nodejs-homework-rest-api\\helpers\\custom_error.js": {"path":"D:\\Projects\\GitHub\\Node\\nodejs-homework-rest-api\\helpers\\custom_error.js","statementMap":{"0":{"start":{"line":3,"column":4},"end":{"line":3,"column":12}},"1":{"start":{"line":4,"column":4},"end":{"line":4,"column":25}},"2":{"start":{"line":5,"column":4},"end":{"line":5,"column":27}},"3":{"start":{"line":6,"column":4},"end":{"line":6,"column":21}},"4":{"start":{"line":10,"column":0},"end":{"line":10,"column":33}}},"fnMap":{"0":{"name":"(anonymous_0)","decl":{"start":{"line":2,"column":2},"end":{"line":2,"column":3}},"loc":{"start":{"line":2,"column":53},"end":{"line":7,"column":3}},"line":2}},"branchMap":{"0":{"loc":{"start":{"line":2,"column":31},"end":{"line":2,"column":51}},"type":"default-arg","locations":[{"start":{"line":2,"column":38},"end":{"line":2,"column":51}}],"line":2}},"s":{"0":4,"1":4,"2":4,"3":4,"4":3},"f":{"0":4},"b":{"0":[4]},"_coverageSchema":"1a1c01bbd47fc00a2c39e90264f33305004495a9","hash":"5d7f7504343a02b70243006c4544f0230b096b6c"}
,"D:\\Projects\\GitHub\\Node\\nodejs-homework-rest-api\\helpers\\error_handler.js": {"path":"D:\\Projects\\GitHub\\Node\\nodejs-homework-rest-api\\helpers\\error_handler.js","statementMap":{"0":{"start":{"line":1,"column":21},"end":{"line":1,"column":51}},"1":{"start":{"line":3,"column":16},"end":{"line":29,"column":1}},"2":{"start":{"line":3,"column":24},"end":{"line":29,"column":1}},"3":{"start":{"line":4,"column":2},"end":{"line":28,"column":3}},"4":{"start":{"line":5,"column":19},"end":{"line":5,"column":43}},"5":{"start":{"line":6,"column":4},"end":{"line":6,"column":18}},"6":{"start":{"line":8,"column":4},"end":{"line":27,"column":5}},"7":{"start":{"line":10,"column":8},"end":{"line":14,"column":11}},"8":{"start":{"line":15,"column":8},"end":{"line":15,"column":14}},"9":{"start":{"line":18,"column":8},"end":{"line":22,"column":11}},"10":{"start":{"line":23,"column":8},"end":{"line":23,"column":14}},"11":{"start":{"line":26,"column":8},"end":{"line":26,"column":18}},"12":{"start":{"line":31,"column":0},"end":{"line":31,"column":25}}},"fnMap":{"0":{"name":"(anonymous_0)","decl":{"start":{"line":3,"column":16},"end":{"line":3,"column":17}},"loc":{"start":{"line":3,"column":24},"end":{"line":29,"column":1}},"line":3},"1":{"name":"(anonymous_1)","decl":{"start":{"line":3,"column":24},"end":{"line":3,"column":25}},"loc":{"start":{"line":3,"column":50},"end":{"line":29,"column":1}},"line":3}},"branchMap":{"0":{"loc":{"start":{"line":8,"column":4},"end":{"line":27,"column":5}},"type":"switch","locations":[{"start":{"line":9,"column":6},"end":{"line":15,"column":14}},{"start":{"line":17,"column":6},"end":{"line":23,"column":14}},{"start":{"line":25,"column":6},"end":{"line":26,"column":18}}],"line":8}},"s":{"0":2,"1":2,"2":12,"3":6,"4":6,"5":5,"6":1,"7":0,"8":0,"9":1,"10":1,"11":0,"12":2},"f":{"0":12,"1":6},"b":{"0":[0,1,0]},"_coverageSchema":"1a1c01bbd47fc00a2c39e90264f33305004495a9","hash":"4e2a8e1deb1e70873d94f50d7a6cec6702fe6155"}
,"D:\\Projects\\GitHub\\Node\\nodejs-homework-rest-api\\helpers\\guard.js": {"path":"D:\\Projects\\GitHub\\Node\\nodejs-homework-rest-api\\helpers\\guard.js","statementMap":{"0":{"start":{"line":1,"column":17},"end":{"line":1,"column":36}},"1":{"start":{"line":2,"column":0},"end":{"line":2,"column":30}},"2":{"start":{"line":3,"column":21},"end":{"line":3,"column":51}},"3":{"start":{"line":5,"column":14},"end":{"line":20,"column":1}},"4":{"start":{"line":6,"column":2},"end":{"line":19,"column":21}},"5":{"start":{"line":7,"column":18},"end":{"line":7,"column":57}},"6":{"start":{"line":9,"column":4},"end":{"line":15,"column":5}},"7":{"start":{"line":10,"column":6},"end":{"line":14,"column":9}},"8":{"start":{"line":17,"column":4},"end":{"line":17,"column":20}},"9":{"start":{"line":18,"column":4},"end":{"line":18,"column":18}},"10":{"start":{"line":22,"column":0},"end":{"line":22,"column":23}}},"fnMap":{"0":{"name":"(anonymous_0)","decl":{"start":{"line":5,"column":14},"end":{"line":5,"column":15}},"loc":{"start":{"line":5,"column":34},"end":{"line":20,"column":1}},"line":5},"1":{"name":"(anonymous_1)","decl":{"start":{"line":6,"column":51},"end":{"line":6,"column":52}},"loc":{"start":{"line":6,"column":66},"end":{"line":19,"column":3}},"line":6}},"branchMap":{"0":{"loc":{"start":{"line":9,"column":4},"end":{"line":15,"column":5}},"type":"if","locations":[{"start":{"line":9,"column":4},"end":{"line":15,"column":5}},{"start":{},"end":{}}],"line":9},"1":{"loc":{"start":{"line":9,"column":8},"end":{"line":9,"column":44}},"type":"binary-expr","locations":[{"start":{"line":9,"column":8},"end":{"line":9,"column":13}},{"start":{"line":9,"column":17},"end":{"line":9,"column":20}},{"start":{"line":9,"column":24},"end":{"line":9,"column":44}}],"line":9}},"s":{"0":3,"1":3,"2":3,"3":3,"4":10,"5":10,"6":10,"7":2,"8":8,"9":8,"10":3},"f":{"0":10,"1":10},"b":{"0":[2,8],"1":[10,9,9]},"_coverageSchema":"1a1c01bbd47fc00a2c39e90264f33305004495a9","hash":"efa9f90ad8e5afd6bd319d76f181c146abfda8e4"}
,"D:\\Projects\\GitHub\\Node\\nodejs-homework-rest-api\\helpers\\rate-limit-login.js": {"path":"D:\\Projects\\GitHub\\Node\\nodejs-homework-rest-api\\helpers\\rate-limit-login.js","statementMap":{"0":{"start":{"line":1,"column":18},"end":{"line":1,"column":47}},"1":{"start":{"line":2,"column":21},"end":{"line":2,"column":51}},"2":{"start":{"line":4,"column":16},"end":{"line":14,"column":2}},"3":{"start":{"line":8,"column":4},"end":{"line":12,"column":7}},"4":{"start":{"line":16,"column":0},"end":{"line":16,"column":25}}},"fnMap":{"0":{"name":"(anonymous_0)","decl":{"start":{"line":7,"column":11},"end":{"line":7,"column":12}},"loc":{"start":{"line":7,"column":31},"end":{"line":13,"column":3}},"line":7}},"branchMap":{},"s":{"0":2,"1":2,"2":2,"3":0,"4":2},"f":{"0":0},"b":{},"_coverageSchema":"1a1c01bbd47fc00a2c39e90264f33305004495a9","hash":"f80f3248a6957c232a5a4141f2a38d2c95a0a3b1"}
,"D:\\Projects\\GitHub\\Node\\nodejs-homework-rest-api\\helpers\\uploads.js": {"path":"D:\\Projects\\GitHub\\Node\\nodejs-homework-rest-api\\helpers\\uploads.js","statementMap":{"0":{"start":{"line":1,"column":15},"end":{"line":1,"column":32}},"1":{"start":{"line":2,"column":24},"end":{"line":2,"column":49}},"2":{"start":{"line":3,"column":21},"end":{"line":3,"column":51}},"3":{"start":{"line":4,"column":0},"end":{"line":4,"column":27}},"4":{"start":{"line":5,"column":16},"end":{"line":5,"column":35}},"5":{"start":{"line":7,"column":16},"end":{"line":14,"column":2}},"6":{"start":{"line":9,"column":4},"end":{"line":9,"column":22}},"7":{"start":{"line":12,"column":4},"end":{"line":12,"column":62}},"8":{"start":{"line":16,"column":15},"end":{"line":26,"column":2}},"9":{"start":{"line":20,"column":4},"end":{"line":22,"column":5}},"10":{"start":{"line":21,"column":6},"end":{"line":21,"column":28}},"11":{"start":{"line":24,"column":4},"end":{"line":24,"column":73}},"12":{"start":{"line":28,"column":0},"end":{"line":28,"column":24}}},"fnMap":{"0":{"name":"(anonymous_0)","decl":{"start":{"line":8,"column":15},"end":{"line":8,"column":16}},"loc":{"start":{"line":8,"column":40},"end":{"line":10,"column":3}},"line":8},"1":{"name":"(anonymous_1)","decl":{"start":{"line":11,"column":12},"end":{"line":11,"column":13}},"loc":{"start":{"line":11,"column":37},"end":{"line":13,"column":3}},"line":11},"2":{"name":"(anonymous_2)","decl":{"start":{"line":19,"column":14},"end":{"line":19,"column":15}},"loc":{"start":{"line":19,"column":33},"end":{"line":25,"column":3}},"line":19}},"branchMap":{"0":{"loc":{"start":{"line":20,"column":4},"end":{"line":22,"column":5}},"type":"if","locations":[{"start":{"line":20,"column":4},"end":{"line":22,"column":5}},{"start":{},"end":{}}],"line":20}},"s":{"0":2,"1":2,"2":2,"3":2,"4":2,"5":2,"6":1,"7":1,"8":2,"9":1,"10":1,"11":0,"12":2},"f":{"0":1,"1":1,"2":1},"b":{"0":[1,0]},"_coverageSchema":"1a1c01bbd47fc00a2c39e90264f33305004495a9","hash":"0d2ec3d6b875369b0deedfa3438770ad5d4aa1e7"}
,"D:\\Projects\\GitHub\\Node\\nodejs-homework-rest-api\\model\\contact_schema.js": {"path":"D:\\Projects\\GitHub\\Node\\nodejs-homework-rest-api\\model\\contact_schema.js","statementMap":{"0":{"start":{"line":1,"column":39},"end":{"line":1,"column":58}},"1":{"start":{"line":2,"column":29},"end":{"line":2,"column":59}},"2":{"start":{"line":3,"column":25},"end":{"line":3,"column":56}},"3":{"start":{"line":5,"column":22},"end":{"line":42,"column":1}},"4":{"start":{"line":36,"column":8},"end":{"line":36,"column":23}},"5":{"start":{"line":37,"column":8},"end":{"line":37,"column":19}},"6":{"start":{"line":44,"column":0},"end":{"line":47,"column":3}},"7":{"start":{"line":45,"column":13},"end":{"line":45,"column":23}},"8":{"start":{"line":46,"column":2},"end":{"line":46,"column":32}},"9":{"start":{"line":49,"column":0},"end":{"line":49,"column":39}},"10":{"start":{"line":51,"column":16},"end":{"line":51,"column":47}},"11":{"start":{"line":53,"column":0},"end":{"line":53,"column":25}}},"fnMap":{"0":{"name":"(anonymous_0)","decl":{"start":{"line":35,"column":17},"end":{"line":35,"column":18}},"loc":{"start":{"line":35,"column":37},"end":{"line":38,"column":7}},"line":35},"1":{"name":"(anonymous_1)","decl":{"start":{"line":44,"column":36},"end":{"line":44,"column":37}},"loc":{"start":{"line":44,"column":53},"end":{"line":47,"column":1}},"line":44}},"branchMap":{},"s":{"0":3,"1":3,"2":3,"3":3,"4":4,"5":4,"6":3,"7":5,"8":5,"9":3,"10":3,"11":3},"f":{"0":4,"1":5},"b":{},"_coverageSchema":"1a1c01bbd47fc00a2c39e90264f33305004495a9","hash":"fb767ebb2369c7b58990d5988f3a53764f5aa225"}
,"D:\\Projects\\GitHub\\Node\\nodejs-homework-rest-api\\model\\user_schema.js": {"path":"D:\\Projects\\GitHub\\Node\\nodejs-homework-rest-api\\model\\user_schema.js","statementMap":{"0":{"start":{"line":1,"column":26},"end":{"line":1,"column":45}},"1":{"start":{"line":2,"column":17},"end":{"line":2,"column":36}},"2":{"start":{"line":3,"column":15},"end":{"line":3,"column":34}},"3":{"start":{"line":4,"column":20},"end":{"line":4,"column":21}},"4":{"start":{"line":6,"column":19},"end":{"line":54,"column":1}},"5":{"start":{"line":17,"column":19},"end":{"line":17,"column":32}},"6":{"start":{"line":18,"column":8},"end":{"line":18,"column":52}},"7":{"start":{"line":33,"column":8},"end":{"line":33,"column":60}},"8":{"start":{"line":48,"column":8},"end":{"line":48,"column":23}},"9":{"start":{"line":49,"column":8},"end":{"line":49,"column":19}},"10":{"start":{"line":56,"column":0},"end":{"line":63,"column":3}},"11":{"start":{"line":57,"column":2},"end":{"line":60,"column":3}},"12":{"start":{"line":58,"column":17},"end":{"line":58,"column":50}},"13":{"start":{"line":59,"column":4},"end":{"line":59,"column":59}},"14":{"start":{"line":62,"column":2},"end":{"line":62,"column":9}},"15":{"start":{"line":65,"column":0},"end":{"line":67,"column":2}},"16":{"start":{"line":66,"column":2},"end":{"line":66,"column":49}},"17":{"start":{"line":69,"column":13},"end":{"line":69,"column":38}},"18":{"start":{"line":71,"column":0},"end":{"line":71,"column":22}}},"fnMap":{"0":{"name":"(anonymous_0)","decl":{"start":{"line":16,"column":6},"end":{"line":16,"column":7}},"loc":{"start":{"line":16,"column":22},"end":{"line":19,"column":7}},"line":16},"1":{"name":"(anonymous_1)","decl":{"start":{"line":32,"column":15},"end":{"line":32,"column":16}},"loc":{"start":{"line":32,"column":27},"end":{"line":34,"column":7}},"line":32},"2":{"name":"(anonymous_2)","decl":{"start":{"line":47,"column":17},"end":{"line":47,"column":18}},"loc":{"start":{"line":47,"column":37},"end":{"line":50,"column":7}},"line":47},"3":{"name":"(anonymous_3)","decl":{"start":{"line":56,"column":23},"end":{"line":56,"column":24}},"loc":{"start":{"line":56,"column":45},"end":{"line":63,"column":1}},"line":56},"4":{"name":"(anonymous_4)","decl":{"start":{"line":65,"column":37},"end":{"line":65,"column":38}},"loc":{"start":{"line":65,"column":63},"end":{"line":67,"column":1}},"line":65}},"branchMap":{"0":{"loc":{"start":{"line":57,"column":2},"end":{"line":60,"column":3}},"type":"if","locations":[{"start":{"line":57,"column":2},"end":{"line":60,"column":3}},{"start":{},"end":{}}],"line":57}},"s":{"0":3,"1":3,"2":3,"3":3,"4":3,"5":3,"6":3,"7":3,"8":1,"9":1,"10":3,"11":3,"12":3,"13":3,"14":3,"15":3,"16":1,"17":3,"18":3},"f":{"0":3,"1":3,"2":1,"3":3,"4":1},"b":{"0":[3,0]},"_coverageSchema":"1a1c01bbd47fc00a2c39e90264f33305004495a9","hash":"17701645b324a49fe349353521d20c80d43f6cb7"}
,"D:\\Projects\\GitHub\\Node\\nodejs-homework-rest-api\\repository\\contacts.js": {"path":"D:\\Projects\\GitHub\\Node\\nodejs-homework-rest-api\\repository\\contacts.js","statementMap":{"0":{"start":{"line":1,"column":16},"end":{"line":1,"column":50}},"1":{"start":{"line":3,"column":21},"end":{"line":22,"column":1}},"2":{"start":{"line":4,"column":52},"end":{"line":4,"column":57}},"3":{"start":{"line":5,"column":24},"end":{"line":5,"column":41}},"4":{"start":{"line":7,"column":2},"end":{"line":9,"column":3}},"5":{"start":{"line":8,"column":4},"end":{"line":8,"column":38}},"6":{"start":{"line":11,"column":18},"end":{"line":18,"column":4}},"7":{"start":{"line":19,"column":29},"end":{"line":19,"column":36}},"8":{"start":{"line":20,"column":2},"end":{"line":20,"column":22}},"9":{"start":{"line":21,"column":2},"end":{"line":21,"column":34}},"10":{"start":{"line":24,"column":23},"end":{"line":34,"column":1}},"11":{"start":{"line":25,"column":17},"end":{"line":31,"column":4}},"12":{"start":{"line":33,"column":2},"end":{"line":33,"column":16}},"13":{"start":{"line":36,"column":19},"end":{"line":39,"column":1}},"14":{"start":{"line":37,"column":17},"end":{"line":37,"column":43}},"15":{"start":{"line":38,"column":2},"end":{"line":38,"column":16}},"16":{"start":{"line":41,"column":22},"end":{"line":47,"column":1}},"17":{"start":{"line":42,"column":17},"end":{"line":45,"column":4}},"18":{"start":{"line":46,"column":2},"end":{"line":46,"column":16}},"19":{"start":{"line":49,"column":22},"end":{"line":56,"column":1}},"20":{"start":{"line":50,"column":17},"end":{"line":54,"column":3}},"21":{"start":{"line":55,"column":2},"end":{"line":55,"column":16}},"22":{"start":{"line":58,"column":28},"end":{"line":65,"column":1}},"23":{"start":{"line":59,"column":17},"end":{"line":63,"column":3}},"24":{"start":{"line":64,"column":2},"end":{"line":64,"column":16}},"25":{"start":{"line":67,"column":0},"end":{"line":74,"column":2}}},"fnMap":{"0":{"name":"(anonymous_0)","decl":{"start":{"line":3,"column":21},"end":{"line":3,"column":22}},"loc":{"start":{"line":3,"column":46},"end":{"line":22,"column":1}},"line":3},"1":{"name":"(anonymous_1)","decl":{"start":{"line":24,"column":23},"end":{"line":24,"column":24}},"loc":{"start":{"line":24,"column":52},"end":{"line":34,"column":1}},"line":24},"2":{"name":"(anonymous_2)","decl":{"start":{"line":36,"column":19},"end":{"line":36,"column":20}},"loc":{"start":{"line":36,"column":35},"end":{"line":39,"column":1}},"line":36},"3":{"name":"(anonymous_3)","decl":{"start":{"line":41,"column":22},"end":{"line":41,"column":23}},"loc":{"start":{"line":41,"column":51},"end":{"line":47,"column":1}},"line":41},"4":{"name":"(anonymous_4)","decl":{"start":{"line":49,"column":22},"end":{"line":49,"column":23}},"loc":{"start":{"line":49,"column":57},"end":{"line":56,"column":1}},"line":49},"5":{"name":"(anonymous_5)","decl":{"start":{"line":58,"column":28},"end":{"line":58,"column":29}},"loc":{"start":{"line":58,"column":63},"end":{"line":65,"column":1}},"line":58}},"branchMap":{"0":{"loc":{"start":{"line":4,"column":10},"end":{"line":4,"column":20}},"type":"default-arg","locations":[{"start":{"line":4,"column":18},"end":{"line":4,"column":20}}],"line":4},"1":{"loc":{"start":{"line":4,"column":22},"end":{"line":4,"column":30}},"type":"default-arg","locations":[{"start":{"line":4,"column":29},"end":{"line":4,"column":30}}],"line":4},"2":{"loc":{"start":{"line":4,"column":32},"end":{"line":4,"column":47}},"type":"default-arg","locations":[{"start":{"line":4,"column":43},"end":{"line":4,"column":47}}],"line":4},"3":{"loc":{"start":{"line":7,"column":2},"end":{"line":9,"column":3}},"type":"if","locations":[{"start":{"line":7,"column":2},"end":{"line":9,"column":3}},{"start":{},"end":{}}],"line":7}},"s":{"0":3,"1":3,"2":1,"3":1,"4":1,"5":0,"6":1,"7":1,"8":1,"9":1,"10":3,"11":2,"12":2,"13":3,"14":1,"15":1,"16":3,"17":1,"18":1,"19":3,"20":1,"21":1,"22":3,"23":0,"24":0,"25":3},"f":{"0":1,"1":2,"2":1,"3":1,"4":1,"5":0},"b":{"0":[1],"1":[1],"2":[1],"3":[0,1]},"_coverageSchema":"1a1c01bbd47fc00a2c39e90264f33305004495a9","hash":"25e3ce41aa1a7c49c1b8705ab55cd57d1417b520"}
,"D:\\Projects\\GitHub\\Node\\nodejs-homework-rest-api\\repository\\users.js": {"path":"D:\\Projects\\GitHub\\Node\\nodejs-homework-rest-api\\repository\\users.js","statementMap":{"0":{"start":{"line":1,"column":13},"end":{"line":1,"column":44}},"1":{"start":{"line":3,"column":17},"end":{"line":5,"column":1}},"2":{"start":{"line":4,"column":2},"end":{"line":4,"column":33}},"3":{"start":{"line":7,"column":20},"end":{"line":9,"column":1}},"4":{"start":{"line":8,"column":2},"end":{"line":8,"column":39}},"5":{"start":{"line":11,"column":15},"end":{"line":14,"column":1}},"6":{"start":{"line":12,"column":15},"end":{"line":12,"column":32}},"7":{"start":{"line":13,"column":2},"end":{"line":13,"column":27}},"8":{"start":{"line":16,"column":20},"end":{"line":18,"column":1}},"9":{"start":{"line":17,"column":2},"end":{"line":17,"column":54}},"10":{"start":{"line":20,"column":31},"end":{"line":27,"column":1}},"11":{"start":{"line":21,"column":17},"end":{"line":25,"column":3}},"12":{"start":{"line":26,"column":2},"end":{"line":26,"column":16}},"13":{"start":{"line":35,"column":21},"end":{"line":41,"column":1}},"14":{"start":{"line":36,"column":2},"end":{"line":40,"column":4}},"15":{"start":{"line":43,"column":0},"end":{"line":50,"column":2}}},"fnMap":{"0":{"name":"(anonymous_0)","decl":{"start":{"line":3,"column":17},"end":{"line":3,"column":18}},"loc":{"start":{"line":3,"column":31},"end":{"line":5,"column":1}},"line":3},"1":{"name":"(anonymous_1)","decl":{"start":{"line":7,"column":20},"end":{"line":7,"column":21}},"loc":{"start":{"line":7,"column":37},"end":{"line":9,"column":1}},"line":7},"2":{"name":"(anonymous_2)","decl":{"start":{"line":11,"column":15},"end":{"line":11,"column":16}},"loc":{"start":{"line":11,"column":34},"end":{"line":14,"column":1}},"line":11},"3":{"name":"(anonymous_3)","decl":{"start":{"line":16,"column":20},"end":{"line":16,"column":21}},"loc":{"start":{"line":16,"column":41},"end":{"line":18,"column":1}},"line":16},"4":{"name":"(anonymous_4)","decl":{"start":{"line":20,"column":31},"end":{"line":20,"column":32}},"loc":{"start":{"line":20,"column":51},"end":{"line":27,"column":1}},"line":20},"5":{"name":"(anonymous_5)","decl":{"start":{"line":35,"column":21},"end":{"line":35,"column":22}},"loc":{"start":{"line":35,"column":56},"end":{"line":41,"column":1}},"line":35}},"branchMap":{},"s":{"0":3,"1":3,"2":7,"3":3,"4":3,"5":3,"6":2,"7":2,"8":3,"9":1,"10":3,"11":0,"12":0,"13":3,"14":1,"15":3},"f":{"0":7,"1":3,"2":2,"3":1,"4":0,"5":1},"b":{},"_coverageSchema":"1a1c01bbd47fc00a2c39e90264f33305004495a9","hash":"5248bddc75d7da6e9bc59f850874f6425287a08b"}
,"D:\\Projects\\GitHub\\Node\\nodejs-homework-rest-api\\routes\\contacts\\contacts_router.js": {"path":"D:\\Projects\\GitHub\\Node\\nodejs-homework-rest-api\\routes\\contacts\\contacts_router.js","statementMap":{"0":{"start":{"line":1,"column":16},"end":{"line":1,"column":34}},"1":{"start":{"line":2,"column":15},"end":{"line":2,"column":31}},"2":{"start":{"line":3,"column":27},"end":{"line":3,"column":75}},"3":{"start":{"line":8,"column":4},"end":{"line":8,"column":27}},"4":{"start":{"line":9,"column":14},"end":{"line":9,"column":44}},"5":{"start":{"line":10,"column":18},"end":{"line":10,"column":56}},"6":{"start":{"line":12,"column":0},"end":{"line":12,"column":66}},"7":{"start":{"line":14,"column":0},"end":{"line":19,"column":2}},"8":{"start":{"line":21,"column":0},"end":{"line":21,"column":79}},"9":{"start":{"line":23,"column":0},"end":{"line":28,"column":2}},"10":{"start":{"line":30,"column":0},"end":{"line":36,"column":2}},"11":{"start":{"line":38,"column":0},"end":{"line":44,"column":2}},"12":{"start":{"line":46,"column":0},"end":{"line":46,"column":24}}},"fnMap":{},"branchMap":{},"s":{"0":2,"1":2,"2":2,"3":2,"4":2,"5":2,"6":2,"7":2,"8":2,"9":2,"10":2,"11":2,"12":2},"f":{},"b":{},"_coverageSchema":"1a1c01bbd47fc00a2c39e90264f33305004495a9","hash":"d4d71b80d111ca8e82932c73e74e077b1fb06454"}
,"D:\\Projects\\GitHub\\Node\\nodejs-homework-rest-api\\routes\\contacts\\validation.js": {"path":"D:\\Projects\\GitHub\\Node\\nodejs-homework-rest-api\\routes\\contacts\\validation.js","statementMap":{"0":{"start":{"line":1,"column":12},"end":{"line":1,"column":26}},"1":{"start":{"line":2,"column":0},"end":{"line":2,"column":44}},"2":{"start":{"line":3,"column":29},"end":{"line":3,"column":62}},"3":{"start":{"line":5,"column":22},"end":{"line":15,"column":2}},"4":{"start":{"line":17,"column":17},"end":{"line":19,"column":2}},"5":{"start":{"line":21,"column":28},"end":{"line":23,"column":2}},"6":{"start":{"line":25,"column":17},"end":{"line":43,"column":1}},"7":{"start":{"line":26,"column":2},"end":{"line":42,"column":3}},"8":{"start":{"line":27,"column":4},"end":{"line":33,"column":5}},"9":{"start":{"line":28,"column":6},"end":{"line":32,"column":9}},"10":{"start":{"line":34,"column":4},"end":{"line":34,"column":36}},"11":{"start":{"line":35,"column":4},"end":{"line":35,"column":11}},"12":{"start":{"line":37,"column":4},"end":{"line":41,"column":7}},"13":{"start":{"line":45,"column":0},"end":{"line":47,"column":2}},"14":{"start":{"line":46,"column":2},"end":{"line":46,"column":60}},"15":{"start":{"line":49,"column":0},"end":{"line":51,"column":2}},"16":{"start":{"line":50,"column":2},"end":{"line":50,"column":57}},"17":{"start":{"line":53,"column":0},"end":{"line":55,"column":2}},"18":{"start":{"line":54,"column":2},"end":{"line":54,"column":66}}},"fnMap":{"0":{"name":"(anonymous_0)","decl":{"start":{"line":25,"column":17},"end":{"line":25,"column":18}},"loc":{"start":{"line":25,"column":51},"end":{"line":43,"column":1}},"line":25},"1":{"name":"(anonymous_1)","decl":{"start":{"line":45,"column":33},"end":{"line":45,"column":34}},"loc":{"start":{"line":45,"column":59},"end":{"line":47,"column":1}},"line":45},"2":{"name":"(anonymous_2)","decl":{"start":{"line":49,"column":28},"end":{"line":49,"column":29}},"loc":{"start":{"line":49,"column":54},"end":{"line":51,"column":1}},"line":49},"3":{"name":"(anonymous_3)","decl":{"start":{"line":53,"column":39},"end":{"line":53,"column":40}},"loc":{"start":{"line":53,"column":65},"end":{"line":55,"column":1}},"line":53}},"branchMap":{"0":{"loc":{"start":{"line":27,"column":4},"end":{"line":33,"column":5}},"type":"if","locations":[{"start":{"line":27,"column":4},"end":{"line":33,"column":5}},{"start":{},"end":{}}],"line":27}},"s":{"0":2,"1":2,"2":2,"3":2,"4":2,"5":2,"6":2,"7":6,"8":6,"9":0,"10":6,"11":6,"12":0,"13":2,"14":2,"15":2,"16":4,"17":2,"18":0},"f":{"0":6,"1":2,"2":4,"3":0},"b":{"0":[0,6]},"_coverageSchema":"1a1c01bbd47fc00a2c39e90264f33305004495a9","hash":"df3f30f56eb7cb32af011f5ef497692fcbcbf588"}
,"D:\\Projects\\GitHub\\Node\\nodejs-homework-rest-api\\routes\\users\\users_router.js": {"path":"D:\\Projects\\GitHub\\Node\\nodejs-homework-rest-api\\routes\\users\\users_router.js","statementMap":{"0":{"start":{"line":1,"column":16},"end":{"line":1,"column":34}},"1":{"start":{"line":2,"column":15},"end":{"line":2,"column":31}},"2":{"start":{"line":3,"column":24},"end":{"line":3,"column":69}},"3":{"start":{"line":4,"column":14},"end":{"line":4,"column":44}},"4":{"start":{"line":5,"column":21},"end":{"line":5,"column":62}},"5":{"start":{"line":6,"column":16},"end":{"line":6,"column":48}},"6":{"start":{"line":7,"column":53},"end":{"line":7,"column":76}},"7":{"start":{"line":9,"column":0},"end":{"line":9,"column":61}},"8":{"start":{"line":11,"column":0},"end":{"line":11,"column":73}},"9":{"start":{"line":13,"column":0},"end":{"line":13,"column":54}},"10":{"start":{"line":15,"column":0},"end":{"line":15,"column":55}},"11":{"start":{"line":17,"column":0},"end":{"line":22,"column":2}},"12":{"start":{"line":24,"column":0},"end":{"line":29,"column":2}},"13":{"start":{"line":31,"column":0},"end":{"line":31,"column":24}}},"fnMap":{},"branchMap":{},"s":{"0":2,"1":2,"2":2,"3":2,"4":2,"5":2,"6":2,"7":2,"8":2,"9":2,"10":2,"11":2,"12":2,"13":2},"f":{},"b":{},"_coverageSchema":"1a1c01bbd47fc00a2c39e90264f33305004495a9","hash":"ac08e8aed541e5b1d42f4ff1058dd7e0cee8a502"}
,"D:\\Projects\\GitHub\\Node\\nodejs-homework-rest-api\\routes\\users\\validation.js": {"path":"D:\\Projects\\GitHub\\Node\\nodejs-homework-rest-api\\routes\\users\\validation.js","statementMap":{"0":{"start":{"line":1,"column":12},"end":{"line":1,"column":26}},"1":{"start":{"line":2,"column":0},"end":{"line":2,"column":44}},"2":{"start":{"line":3,"column":21},"end":{"line":3,"column":54}},"3":{"start":{"line":5,"column":19},"end":{"line":8,"column":2}},"4":{"start":{"line":10,"column":21},"end":{"line":12,"column":2}},"5":{"start":{"line":14,"column":17},"end":{"line":32,"column":1}},"6":{"start":{"line":15,"column":2},"end":{"line":31,"column":3}},"7":{"start":{"line":16,"column":4},"end":{"line":22,"column":5}},"8":{"start":{"line":17,"column":6},"end":{"line":21,"column":9}},"9":{"start":{"line":23,"column":4},"end":{"line":23,"column":36}},"10":{"start":{"line":24,"column":4},"end":{"line":24,"column":11}},"11":{"start":{"line":26,"column":4},"end":{"line":30,"column":7}},"12":{"start":{"line":34,"column":0},"end":{"line":36,"column":2}},"13":{"start":{"line":35,"column":2},"end":{"line":35,"column":57}},"14":{"start":{"line":38,"column":0},"end":{"line":40,"column":2}},"15":{"start":{"line":39,"column":2},"end":{"line":39,"column":59}}},"fnMap":{"0":{"name":"(anonymous_0)","decl":{"start":{"line":14,"column":17},"end":{"line":14,"column":18}},"loc":{"start":{"line":14,"column":51},"end":{"line":32,"column":1}},"line":14},"1":{"name":"(anonymous_1)","decl":{"start":{"line":34,"column":30},"end":{"line":34,"column":31}},"loc":{"start":{"line":34,"column":56},"end":{"line":36,"column":1}},"line":34},"2":{"name":"(anonymous_2)","decl":{"start":{"line":38,"column":44},"end":{"line":38,"column":45}},"loc":{"start":{"line":38,"column":70},"end":{"line":40,"column":1}},"line":38}},"branchMap":{"0":{"loc":{"start":{"line":16,"column":4},"end":{"line":22,"column":5}},"type":"if","locations":[{"start":{"line":16,"column":4},"end":{"line":22,"column":5}},{"start":{},"end":{}}],"line":16}},"s":{"0":2,"1":2,"2":2,"3":2,"4":2,"5":2,"6":3,"7":3,"8":0,"9":3,"10":3,"11":0,"12":2,"13":3,"14":2,"15":0},"f":{"0":3,"1":3,"2":0},"b":{"0":[0,3]},"_coverageSchema":"1a1c01bbd47fc00a2c39e90264f33305004495a9","hash":"7a51f1c501e6b9a7c25dd423ecbf2c0b486c6a6d"}
,"D:\\Projects\\GitHub\\Node\\nodejs-homework-rest-api\\services\\cloud-upload.js": {"path":"D:\\Projects\\GitHub\\Node\\nodejs-homework-rest-api\\services\\cloud-upload.js","statementMap":{"0":{"start":{"line":2,"column":19},"end":{"line":2,"column":43}},"1":{"start":{"line":3,"column":22},"end":{"line":3,"column":37}},"2":{"start":{"line":4,"column":0},"end":{"line":4,"column":27}},"3":{"start":{"line":5,"column":0},"end":{"line":10,"column":3}},"4":{"start":{"line":14,"column":4},"end":{"line":14,"column":35}},"5":{"start":{"line":15,"column":4},"end":{"line":15,"column":61}},"6":{"start":{"line":20,"column":6},"end":{"line":24,"column":8}},"7":{"start":{"line":25,"column":4},"end":{"line":25,"column":45}},"8":{"start":{"line":29,"column":0},"end":{"line":29,"column":34}}},"fnMap":{"0":{"name":"(anonymous_0)","decl":{"start":{"line":13,"column":2},"end":{"line":13,"column":3}},"loc":{"start":{"line":13,"column":27},"end":{"line":16,"column":3}},"line":13},"1":{"name":"(anonymous_1)","decl":{"start":{"line":18,"column":2},"end":{"line":18,"column":3}},"loc":{"start":{"line":18,"column":36},"end":{"line":26,"column":3}},"line":18}},"branchMap":{},"s":{"0":2,"1":2,"2":2,"3":2,"4":1,"5":1,"6":1,"7":1,"8":2},"f":{"0":1,"1":1},"b":{},"_coverageSchema":"1a1c01bbd47fc00a2c39e90264f33305004495a9","hash":"e56cdc16ea1174ca1ecc278c0c19af72952a4a27"}
,"D:\\Projects\\GitHub\\Node\\nodejs-homework-rest-api\\test\\data\\data.js": {"path":"D:\\Projects\\GitHub\\Node\\nodejs-homework-rest-api\\test\\data\\data.js","statementMap":{"0":{"start":{"line":1,"column":19},"end":{"line":5,"column":1}},"1":{"start":{"line":7,"column":27},"end":{"line":11,"column":1}},"2":{"start":{"line":13,"column":28},"end":{"line":16,"column":1}},"3":{"start":{"line":18,"column":0},"end":{"line":18,"column":73}}},"fnMap":{},"branchMap":{},"s":{"0":2,"1":2,"2":2,"3":2},"f":{},"b":{},"_coverageSchema":"1a1c01bbd47fc00a2c39e90264f33305004495a9","hash":"02c050bbab1b148c200cbb6a662c490424ee743e"}
}
