TN:
SF:app.js
FN:26,(anonymous_0)
FN:30,(anonymous_1)
FNF:2
FNH:1
FNDA:0,(anonymous_0)
FNDA:1,(anonymous_1)
DA:1,2
DA:2,2
DA:3,2
DA:4,2
DA:5,2
DA:6,2
DA:7,2
DA:9,2
DA:10,2
DA:12,2
DA:14,2
DA:16,2
DA:17,2
DA:18,2
DA:19,2
DA:20,2
DA:21,2
DA:23,2
DA:24,2
DA:26,2
DA:27,0
DA:30,2
DA:31,1
DA:32,1
DA:39,2
LF:25
LH:24
BRDA:14,0,0,0
BRDA:14,0,1,2
BRDA:18,1,0,2
BRDA:18,1,1,0
BRDA:31,2,0,1
BRDA:31,2,1,1
BRDA:33,3,0,1
BRDA:33,3,1,0
BRF:8
BRH:5
end_of_record
TN:
SF:config\constants.js
FNF:0
FNH:0
DA:1,5
DA:6,5
DA:20,5
LF:3
LH:3
BRF:0
BRH:0
end_of_record
TN:
SF:config\db.js
FN:18,(anonymous_0)
FN:22,(anonymous_1)
FN:29,(anonymous_2)
FNF:3
FNH:1
FNDA:2,(anonymous_0)
FNDA:0,(anonymous_1)
FNDA:0,(anonymous_2)
DA:1,2
DA:2,2
DA:6,2
DA:7,2
DA:9,0
DA:12,2
DA:17,2
DA:18,2
DA:19,2
DA:22,2
DA:23,0
DA:29,2
DA:30,0
DA:31,0
DA:32,0
DA:35,2
LF:16
LH:11
BRDA:6,0,0,2
BRDA:6,0,1,0
BRDA:17,1,0,2
BRDA:17,1,1,0
BRF:4
BRH:2
end_of_record
TN:
SF:config\passport.js
FN:13,(anonymous_0)
FNF:1
FNH:1
FNDA:7,(anonymous_0)
DA:1,3
DA:2,3
DA:3,3
DA:4,3
DA:5,3
DA:7,3
DA:12,3
DA:14,7
DA:15,7
DA:17,7
DA:18,0
DA:20,7
DA:21,0
DA:24,7
DA:26,0
LF:15
LH:12
BRDA:17,0,0,0
BRDA:17,0,1,7
BRDA:20,1,0,0
BRDA:20,1,1,7
BRF:4
BRH:2
end_of_record
TN:
SF:controllers\contacts_controller.js
FN:5,(anonymous_0)
FN:17,(anonymous_1)
FN:41,(anonymous_2)
FN:55,(anonymous_3)
FN:79,(anonymous_4)
FN:104,(anonymous_5)
FNF:6
FNH:5
FNDA:1,(anonymous_0)
FNDA:2,(anonymous_1)
FNDA:1,(anonymous_2)
FNDA:1,(anonymous_3)
FNDA:4,(anonymous_4)
FNDA:0,(anonymous_5)
DA:1,3
DA:2,3
DA:3,3
DA:5,3
DA:6,1
DA:8,1
DA:17,3
DA:18,2
DA:19,2
DA:21,2
DA:23,2
DA:24,1
DA:33,1
DA:41,3
DA:42,1
DA:43,1
DA:44,1
DA:46,1
DA:55,3
DA:56,1
DA:57,1
DA:58,1
DA:60,1
DA:61,1
DA:71,0
DA:79,3
DA:80,4
DA:81,4
DA:82,4
DA:84,4
DA:86,4
DA:87,2
DA:96,2
DA:104,3
DA:105,0
DA:106,0
DA:107,0
DA:109,0
DA:111,0
DA:112,0
DA:121,0
DA:129,3
LF:42
LH:34
BRDA:23,0,0,1
BRDA:23,0,1,1
BRDA:60,1,0,1
BRDA:60,1,1,0
BRDA:86,2,0,2
BRDA:86,2,1,2
BRDA:111,3,0,0
BRDA:111,3,1,0
BRF:8
BRH:5
end_of_record
TN:
SF:controllers\users_controller.js
FN:23,(anonymous_0)
FN:53,(anonymous_1)
FN:83,(anonymous_2)
FN:99,(anonymous_3)
FN:121,(anonymous_4)
FN:176,(anonymous_5)
FNF:6
FNH:3
FNDA:2,(anonymous_0)
FNDA:1,(anonymous_1)
FNDA:0,(anonymous_2)
FNDA:0,(anonymous_3)
FNDA:0,(anonymous_4)
FNDA:1,(anonymous_5)
DA:1,2
DA:6,2
DA:14,2
DA:18,2
DA:19,2
DA:20,2
DA:21,2
DA:23,2
DA:24,2
DA:25,2
DA:27,2
DA:28,1
DA:35,2
DA:36,2
DA:38,1
DA:49,1
DA:53,2
DA:54,1
DA:55,1
DA:56,1
DA:58,1
DA:59,0
DA:66,1
DA:67,1
DA:68,1
DA:70,1
DA:72,1
DA:83,2
DA:84,0
DA:85,0
DA:87,0
DA:88,0
DA:95,0
DA:96,0
DA:99,2
DA:100,0
DA:101,0
DA:103,0
DA:104,0
DA:111,0
DA:121,2
DA:122,0
DA:123,0
DA:124,0
DA:125,0
DA:127,0
DA:128,0
DA:135,0
DA:176,2
DA:177,1
DA:178,1
DA:180,1
DA:181,1
DA:182,1
DA:186,1
DA:188,1
DA:189,1
DA:191,0
DA:194,1
DA:195,0
DA:202,1
DA:211,2
LF:62
LH:41
BRDA:27,0,0,1
BRDA:27,0,1,1
BRDA:58,1,0,0
BRDA:58,1,1,1
BRDA:58,2,0,1
BRDA:58,2,1,1
BRDA:87,3,0,0
BRDA:87,3,1,0
BRDA:103,4,0,0
BRDA:103,4,1,0
BRDA:127,5,0,0
BRDA:127,5,1,0
BRDA:194,6,0,0
BRDA:194,6,1,1
BRF:14
BRH:6
end_of_record
TN:
SF:helpers\custom_error.js
FN:2,(anonymous_0)
FNF:1
FNH:1
FNDA:4,(anonymous_0)
DA:3,4
DA:4,4
DA:5,4
DA:6,4
DA:10,3
LF:5
LH:5
BRDA:2,0,0,4
BRF:1
BRH:1
end_of_record
TN:
SF:helpers\error_handler.js
FN:3,(anonymous_0)
FN:3,(anonymous_1)
FNF:2
FNH:2
FNDA:12,(anonymous_0)
FNDA:6,(anonymous_1)
DA:1,2
DA:3,12
DA:4,6
DA:5,6
DA:6,5
DA:8,1
DA:10,0
DA:15,0
DA:18,1
DA:23,1
DA:26,0
DA:31,2
LF:12
LH:9
BRDA:8,0,0,0
BRDA:8,0,1,1
BRDA:8,0,2,0
BRF:3
BRH:1
end_of_record
TN:
SF:helpers\guard.js
FN:5,(anonymous_0)
FN:6,(anonymous_1)
FNF:2
FNH:2
FNDA:10,(anonymous_0)
FNDA:10,(anonymous_1)
DA:1,3
DA:2,3
DA:3,3
DA:5,3
DA:6,10
DA:7,10
DA:9,10
DA:10,2
DA:17,8
DA:18,8
DA:22,3
LF:11
LH:11
BRDA:9,0,0,2
BRDA:9,0,1,8
BRDA:9,1,0,10
BRDA:9,1,1,9
BRDA:9,1,2,9
BRF:5
BRH:5
end_of_record
TN:
SF:helpers\rate-limit-login.js
FN:7,(anonymous_0)
FNF:1
FNH:0
FNDA:0,(anonymous_0)
DA:1,2
DA:2,2
DA:4,2
DA:8,0
DA:16,2
LF:5
LH:4
BRF:0
BRH:0
end_of_record
TN:
SF:helpers\uploads.js
FN:8,(anonymous_0)
FN:11,(anonymous_1)
FN:19,(anonymous_2)
FNF:3
FNH:3
FNDA:1,(anonymous_0)
FNDA:1,(anonymous_1)
FNDA:1,(anonymous_2)
DA:1,2
DA:2,2
DA:3,2
DA:4,2
DA:5,2
DA:7,2
DA:9,1
DA:12,1
DA:16,2
DA:20,1
DA:21,1
DA:24,0
DA:28,2
LF:13
LH:12
BRDA:20,0,0,1
BRDA:20,0,1,0
BRF:2
BRH:1
end_of_record
TN:
SF:model\contact_schema.js
FN:35,(anonymous_0)
FN:44,(anonymous_1)
FNF:2
FNH:2
FNDA:4,(anonymous_0)
FNDA:5,(anonymous_1)
DA:1,3
DA:2,3
DA:3,3
DA:5,3
DA:36,4
DA:37,4
DA:44,3
DA:45,5
DA:46,5
DA:49,3
DA:51,3
DA:53,3
LF:12
LH:12
BRF:0
BRH:0
end_of_record
TN:
SF:model\user_schema.js
FN:16,(anonymous_0)
FN:32,(anonymous_1)
FN:47,(anonymous_2)
FN:56,(anonymous_3)
FN:65,(anonymous_4)
FNF:5
FNH:5
FNDA:3,(anonymous_0)
FNDA:3,(anonymous_1)
FNDA:1,(anonymous_2)
FNDA:3,(anonymous_3)
FNDA:1,(anonymous_4)
DA:1,3
DA:2,3
DA:3,3
DA:4,3
DA:6,3
DA:17,3
DA:18,3
DA:33,3
DA:48,1
DA:49,1
DA:56,3
DA:57,3
DA:58,3
DA:59,3
DA:62,3
DA:65,3
DA:66,1
DA:69,3
DA:71,3
LF:19
LH:19
BRDA:57,0,0,3
BRDA:57,0,1,0
BRF:2
BRH:1
end_of_record
TN:
SF:repository\contacts.js
FN:3,(anonymous_0)
FN:24,(anonymous_1)
FN:36,(anonymous_2)
FN:41,(anonymous_3)
FN:49,(anonymous_4)
FN:58,(anonymous_5)
FNF:6
FNH:5
FNDA:1,(anonymous_0)
FNDA:2,(anonymous_1)
FNDA:1,(anonymous_2)
FNDA:1,(anonymous_3)
FNDA:1,(anonymous_4)
FNDA:0,(anonymous_5)
DA:1,3
DA:3,3
DA:4,1
DA:5,1
DA:7,1
DA:8,0
DA:11,1
DA:19,1
DA:20,1
DA:21,1
DA:24,3
DA:25,2
DA:33,2
DA:36,3
DA:37,1
DA:38,1
DA:41,3
DA:42,1
DA:46,1
DA:49,3
DA:50,1
DA:55,1
DA:58,3
DA:59,0
DA:64,0
DA:67,3
LF:26
LH:23
BRDA:4,0,0,1
BRDA:4,1,0,1
BRDA:4,2,0,1
BRDA:7,3,0,0
BRDA:7,3,1,1
BRF:5
BRH:4
end_of_record
TN:
SF:repository\users.js
FN:3,(anonymous_0)
FN:7,(anonymous_1)
FN:11,(anonymous_2)
FN:16,(anonymous_3)
FN:20,(anonymous_4)
FN:35,(anonymous_5)
FNF:6
FNH:5
FNDA:7,(anonymous_0)
FNDA:3,(anonymous_1)
FNDA:2,(anonymous_2)
FNDA:1,(anonymous_3)
FNDA:0,(anonymous_4)
FNDA:1,(anonymous_5)
DA:1,3
DA:3,3
DA:4,7
DA:7,3
DA:8,3
DA:11,3
DA:12,2
DA:13,2
DA:16,3
DA:17,1
DA:20,3
DA:21,0
DA:26,0
DA:35,3
DA:36,1
DA:43,3
LF:16
LH:14
BRF:0
BRH:0
end_of_record
TN:
SF:routes\contacts\contacts_router.js
FNF:0
FNH:0
DA:1,2
DA:2,2
DA:3,2
DA:8,2
DA:9,2
DA:10,2
DA:12,2
DA:14,2
DA:21,2
DA:23,2
DA:30,2
DA:38,2
DA:46,2
LF:13
LH:13
BRF:0
BRH:0
end_of_record
TN:
SF:routes\contacts\validation.js
FN:25,(anonymous_0)
FN:45,(anonymous_1)
FN:49,(anonymous_2)
FN:53,(anonymous_3)
FNF:4
FNH:3
FNDA:6,(anonymous_0)
FNDA:2,(anonymous_1)
FNDA:4,(anonymous_2)
FNDA:0,(anonymous_3)
DA:1,2
DA:2,2
DA:3,2
DA:5,2
DA:17,2
DA:21,2
DA:25,2
DA:26,6
DA:27,6
DA:28,0
DA:34,6
DA:35,6
DA:37,0
DA:45,2
DA:46,2
DA:49,2
DA:50,4
DA:53,2
DA:54,0
LF:19
LH:16
BRDA:27,0,0,0
BRDA:27,0,1,6
BRF:2
BRH:1
end_of_record
TN:
SF:routes\users\users_router.js
FNF:0
FNH:0
DA:1,2
DA:2,2
DA:3,2
DA:4,2
DA:5,2
DA:6,2
DA:7,2
DA:9,2
DA:11,2
DA:13,2
DA:15,2
DA:17,2
DA:24,2
DA:31,2
LF:14
LH:14
BRF:0
BRH:0
end_of_record
TN:
SF:routes\users\validation.js
FN:14,(anonymous_0)
FN:34,(anonymous_1)
FN:38,(anonymous_2)
FNF:3
FNH:2
FNDA:3,(anonymous_0)
FNDA:3,(anonymous_1)
FNDA:0,(anonymous_2)
DA:1,2
DA:2,2
DA:3,2
DA:5,2
DA:10,2
DA:14,2
DA:15,3
DA:16,3
DA:17,0
DA:23,3
DA:24,3
DA:26,0
DA:34,2
DA:35,3
DA:38,2
DA:39,0
LF:16
LH:13
BRDA:16,0,0,0
BRDA:16,0,1,3
BRF:2
BRH:1
end_of_record
TN:
SF:services\cloud-upload.js
FN:13,(anonymous_0)
FN:18,(anonymous_1)
FNF:2
FNH:2
FNDA:1,(anonymous_0)
FNDA:1,(anonymous_1)
DA:2,2
DA:3,2
DA:4,2
DA:5,2
DA:14,1
DA:15,1
DA:20,1
DA:25,1
DA:29,2
LF:9
LH:9
BRF:0
BRH:0
end_of_record
TN:
SF:test\data\data.js
FNF:0
FNH:0
DA:1,2
DA:7,2
DA:13,2
DA:18,2
LF:4
LH:4
BRF:0
BRH:0
end_of_record
